  ArrayTask.cpp
D:\Programs\Assembler\ArrayTask\ArrayTask.cpp(10,2): error C4235: использовано нестандартное расширение: ключевое слово "__asm" данной архитектурой не поддерживается
D:\Programs\Assembler\ArrayTask\ArrayTask.cpp(11,3): error C2065: mov: необъявленный идентификатор
D:\Programs\Assembler\ArrayTask\ArrayTask.cpp(11,7): error C2146: синтаксическая ошибка: отсутствие ";" перед идентификатором "fib"
D:\Programs\Assembler\ArrayTask\ArrayTask.cpp(12,3): error C2146: синтаксическая ошибка: отсутствие ";" перед идентификатором "mov"
D:\Programs\Assembler\ArrayTask\ArrayTask.cpp(12,3): error C2065: mov: необъявленный идентификатор
D:\Programs\Assembler\ArrayTask\ArrayTask.cpp(12,7): error C2146: синтаксическая ошибка: отсутствие ";" перед идентификатором "eax"
D:\Programs\Assembler\ArrayTask\ArrayTask.cpp(12,7): error C2065: eax: необъявленный идентификатор
D:\Programs\Assembler\ArrayTask\ArrayTask.cpp(13,3): error C2146: синтаксическая ошибка: отсутствие ";" перед идентификатором "BEG"
D:\Programs\Assembler\ArrayTask\ArrayTask.cpp(14,3): error C2065: cmp: необъявленный идентификатор
D:\Programs\Assembler\ArrayTask\ArrayTask.cpp(14,7): error C2146: синтаксическая ошибка: отсутствие ";" перед идентификатором "eax"
D:\Programs\Assembler\ArrayTask\ArrayTask.cpp(14,7): error C2065: eax: необъявленный идентификатор
D:\Programs\Assembler\ArrayTask\ArrayTask.cpp(15,4): error C2146: синтаксическая ошибка: отсутствие ";" перед идентификатором "jge"
D:\Programs\Assembler\ArrayTask\ArrayTask.cpp(15,4): error C2065: jge: необъявленный идентификатор
D:\Programs\Assembler\ArrayTask\ArrayTask.cpp(15,8): error C2146: синтаксическая ошибка: отсутствие ";" перед идентификатором "END"
D:\Programs\Assembler\ArrayTask\ArrayTask.cpp(15,8): error C2065: END: необъявленный идентификатор
D:\Programs\Assembler\ArrayTask\ArrayTask.cpp(17,4): error C2146: синтаксическая ошибка: отсутствие ";" перед идентификатором "mov"
D:\Programs\Assembler\ArrayTask\ArrayTask.cpp(17,4): error C2065: mov: необъявленный идентификатор
D:\Programs\Assembler\ArrayTask\ArrayTask.cpp(17,8): error C2146: синтаксическая ошибка: отсутствие ";" перед идентификатором "ebx"
D:\Programs\Assembler\ArrayTask\ArrayTask.cpp(17,8): error C2065: ebx: необъявленный идентификатор
D:\Programs\Assembler\ArrayTask\ArrayTask.cpp(17,17): error C2065: eax: необъявленный идентификатор
D:\Programs\Assembler\ArrayTask\ArrayTask.cpp(18,4): error C2146: синтаксическая ошибка: отсутствие ";" перед идентификатором "mov"
D:\Programs\Assembler\ArrayTask\ArrayTask.cpp(18,4): error C2065: mov: необъявленный идентификатор
D:\Programs\Assembler\ArrayTask\ArrayTask.cpp(18,8): error C2146: синтаксическая ошибка: отсутствие ";" перед идентификатором "ecx"
D:\Programs\Assembler\ArrayTask\ArrayTask.cpp(18,8): error C2065: ecx: необъявленный идентификатор
D:\Programs\Assembler\ArrayTask\ArrayTask.cpp(18,17): error C2065: eax: необъявленный идентификатор
D:\Programs\Assembler\ArrayTask\ArrayTask.cpp(19,4): error C2146: синтаксическая ошибка: отсутствие ";" перед идентификатором "add"
D:\Programs\Assembler\ArrayTask\ArrayTask.cpp(19,4): error C2065: add: необъявленный идентификатор
D:\Programs\Assembler\ArrayTask\ArrayTask.cpp(19,8): error C2146: синтаксическая ошибка: отсутствие ";" перед идентификатором "ebx"
D:\Programs\Assembler\ArrayTask\ArrayTask.cpp(19,8): error C2065: ebx: необъявленный идентификатор
D:\Programs\Assembler\ArrayTask\ArrayTask.cpp(19,13): error C2065: ecx: необъявленный идентификатор
D:\Programs\Assembler\ArrayTask\ArrayTask.cpp(20,4): error C2146: синтаксическая ошибка: отсутствие ";" перед идентификатором "jo"
D:\Programs\Assembler\ArrayTask\ArrayTask.cpp(20,4): error C2065: jo: необъявленный идентификатор
D:\Programs\Assembler\ArrayTask\ArrayTask.cpp(20,7): error C2146: синтаксическая ошибка: отсутствие ";" перед идентификатором "END"
D:\Programs\Assembler\ArrayTask\ArrayTask.cpp(20,7): error C2065: END: необъявленный идентификатор
D:\Programs\Assembler\ArrayTask\ArrayTask.cpp(22,4): error C2146: синтаксическая ошибка: отсутствие ";" перед идентификатором "mov"
D:\Programs\Assembler\ArrayTask\ArrayTask.cpp(22,4): error C2065: mov: необъявленный идентификатор
D:\Programs\Assembler\ArrayTask\ArrayTask.cpp(22,8): error C2146: синтаксическая ошибка: отсутствие ";" перед идентификатором "fib"
D:\Programs\Assembler\ArrayTask\ArrayTask.cpp(22,12): error C2065: eax: необъявленный идентификатор
D:\Programs\Assembler\ArrayTask\ArrayTask.cpp(22,22): error C2065: ebx: необъявленный идентификатор
D:\Programs\Assembler\ArrayTask\ArrayTask.cpp(23,4): error C2146: синтаксическая ошибка: отсутствие ";" перед идентификатором "inc"
D:\Programs\Assembler\ArrayTask\ArrayTask.cpp(23,4): error C2065: inc: необъявленный идентификатор
D:\Programs\Assembler\ArrayTask\ArrayTask.cpp(23,8): error C2146: синтаксическая ошибка: отсутствие ";" перед идентификатором "eax"
D:\Programs\Assembler\ArrayTask\ArrayTask.cpp(23,8): error C2065: eax: необъявленный идентификатор
D:\Programs\Assembler\ArrayTask\ArrayTask.cpp(25,4): error C2146: синтаксическая ошибка: отсутствие ";" перед идентификатором "jmp"
D:\Programs\Assembler\ArrayTask\ArrayTask.cpp(25,4): error C2065: jmp: необъявленный идентификатор
D:\Programs\Assembler\ArrayTask\ArrayTask.cpp(25,8): error C2146: синтаксическая ошибка: отсутствие ";" перед идентификатором "BEG"
D:\Programs\Assembler\ArrayTask\ArrayTask.cpp(25,8): error C2065: BEG: необъявленный идентификатор
D:\Programs\Assembler\ArrayTask\ArrayTask.cpp(26,4): error C2146: синтаксическая ошибка: отсутствие ";" перед идентификатором "END"
D:\Programs\Assembler\ArrayTask\ArrayTask.cpp(27,3): error C2065: mov: необъявленный идентификатор
D:\Programs\Assembler\ArrayTask\ArrayTask.cpp(27,7): error C2146: синтаксическая ошибка: отсутствие ";" перед идентификатором "n"
D:\Programs\Assembler\ArrayTask\ArrayTask.cpp(27,10): error C2065: eax: необъявленный идентификатор
D:\Programs\Assembler\ArrayTask\ArrayTask.cpp(28,2): error C2143: синтаксическая ошибка: отсутствие ";" перед "}"
